[2025-04-26T13:21:03.849+0000] {manager.py:470} INFO - Processing files using up to 2 processes at a time 
[2025-04-26T13:21:03.851+0000] {manager.py:471} INFO - Process each file at most once every 30 seconds
[2025-04-26T13:21:03.854+0000] {manager.py:472} INFO - Checking for new files in /opt/airflow/dags every 300 seconds
[2025-04-26T13:21:03.858+0000] {manager.py:737} INFO - Searching for files in /opt/airflow/dags
[2025-04-26T13:21:03.866+0000] {manager.py:740} INFO - There are 0 files in /opt/airflow/dags
[2025-04-26T13:24:16.541+0000] {manager.py:452} INFO - Exiting gracefully upon receiving signal 15
[2025-04-26T13:25:17.762+0000] {manager.py:470} INFO - Processing files using up to 2 processes at a time 
[2025-04-26T13:25:17.764+0000] {manager.py:471} INFO - Process each file at most once every 30 seconds
[2025-04-26T13:25:17.766+0000] {manager.py:472} INFO - Checking for new files in /opt/airflow/dags every 300 seconds
[2025-04-26T13:25:17.768+0000] {manager.py:737} INFO - Searching for files in /opt/airflow/dags
[2025-04-26T13:25:17.776+0000] {manager.py:740} INFO - There are 0 files in /opt/airflow/dags
[2025-04-26T13:27:54.553+0000] {manager.py:452} INFO - Exiting gracefully upon receiving signal 15
[2025-04-27T05:48:55.557+0000] {manager.py:470} INFO - Processing files using up to 2 processes at a time 
[2025-04-27T05:48:55.559+0000] {manager.py:471} INFO - Process each file at most once every 30 seconds
[2025-04-27T05:48:55.561+0000] {manager.py:472} INFO - Checking for new files in /opt/airflow/dags every 300 seconds
[2025-04-27T05:48:55.562+0000] {manager.py:737} INFO - Searching for files in /opt/airflow/dags
[2025-04-27T05:48:55.569+0000] {manager.py:740} INFO - There are 0 files in /opt/airflow/dags
[2025-04-27T05:53:55.910+0000] {manager.py:737} INFO - Searching for files in /opt/airflow/dags
[2025-04-27T05:53:55.981+0000] {manager.py:740} INFO - There are 0 files in /opt/airflow/dags
[2025-04-27T05:58:56.174+0000] {manager.py:737} INFO - Searching for files in /opt/airflow/dags
[2025-04-27T05:58:56.191+0000] {manager.py:740} INFO - There are 0 files in /opt/airflow/dags
[2025-04-27T06:03:56.399+0000] {manager.py:737} INFO - Searching for files in /opt/airflow/dags
[2025-04-27T06:03:56.415+0000] {manager.py:740} INFO - There are 0 files in /opt/airflow/dags
[2025-04-27T06:08:04.172+0000] {manager.py:452} INFO - Exiting gracefully upon receiving signal 15
